# JRE version: OpenJDK Runtime Environment Temurin-21.0.9+10 (21.0.9+10) (build 21.0.9+10-LTS)
# Java VM: OpenJDK 64-Bit Server VM Temurin-21.0.9+10 (21.0.9+10-LTS, mixed mode, sharing, tiered, compressed oops, compressed class ptrs, parallel gc, windows-amd64)
GC Precious Log:
 CardTable entry size: 512
 CPUs: 8 total, 8 available
 Memory: 16194M
 Large Page Support: Disabled
 NUMA Support: Disabled
 Compressed Oops: Enabled (32-bit)
 Alignments: Space 512K, Generation 512K, Heap 2M
 Heap Min Capacity: 100M
 Heap Initial Capacity: 100M
 Heap Max Capacity: 2G
 Pre-touch: Disabled
 Parallel Workers: 8
Heap:
 PSYoungGen      total 8192K, used 7979K [0x00000000d5580000, 0x00000000d6200000, 0x0000000100000000)
  eden space 5120K, 98% used [0x00000000d5580000,0x00000000d5a68d28,0x00000000d5a80000)
  from space 3072K, 96% used [0x00000000d5f00000,0x00000000d61e21a0,0x00000000d6200000)
  to   space 3584K, 80% used [0x00000000d5b00000,0x00000000d5dd41f0,0x00000000d5e80000)
 ParOldGen       total 685568K, used 685171K [0x0000000080000000, 0x00000000a9d80000, 0x00000000d5580000)
  object space 685568K, 99% used [0x0000000080000000,0x00000000a9d1cc58,0x00000000a9d80000)
 Metaspace       used 69347K, committed 71040K, reserved 1114112K
  class space    used 7105K, committed 7872K, reserved 1048576K
GC Heap History (20 events):
Event: 183.077 GC heap after
{Heap after GC invocations=646 (full 3):
 PSYoungGen      total 6656K, used 1744K [0x00000000d5580000, 0x00000000d5f00000, 0x0000000100000000)
  eden space 4608K, 0% used [0x00000000d5580000,0x00000000d5580000,0x00000000d5a00000)
  from space 2048K, 85% used [0x00000000d5a00000,0x00000000d5bb4050,0x00000000d5c00000)
  to   space 2560K, 0% used [0x00000000d5c80000,0x00000000d5c80000,0x00000000d5f00000)
 ParOldGen       total 669184K, used 668973K [0x0000000080000000, 0x00000000a8d80000, 0x00000000d5580000)
  object space 669184K, 99% used [0x0000000080000000,0x00000000a8d4b780,0x00000000a8d80000)
 Metaspace       used 69201K, committed 70848K, reserved 1114112K
  class space    used 7093K, committed 7808K, reserved 1048576K
}
Event: 183.131 GC heap before
{Heap before GC invocations=647 (full 3):
 PSYoungGen      total 6656K, used 6352K [0x00000000d5580000, 0x00000000d5f00000, 0x0000000100000000)
  eden space 4608K, 99% used [0x00000000d5580000,0x00000000d59fffb0,0x00000000d5a00000)
  from space 2048K, 85% used [0x00000000d5a00000,0x00000000d5bb4050,0x00000000d5c00000)
  to   space 2560K, 0% used [0x00000000d5c80000,0x00000000d5c80000,0x00000000d5f00000)
 ParOldGen       total 669184K, used 668973K [0x0000000080000000, 0x00000000a8d80000, 0x00000000d5580000)
  object space 669184K, 99% used [0x0000000080000000,0x00000000a8d4b780,0x00000000a8d80000)
 Metaspace       used 69221K, committed 70912K, reserved 1114112K
  class space    used 7097K, committed 7872K, reserved 1048576K
}
Event: 183.136 GC heap after
{Heap after GC invocations=647 (full 3):
 PSYoungGen      total 4608K, used 2541K [0x00000000d5580000, 0x00000000d6400000, 0x0000000100000000)
  eden space 2048K, 0% used [0x00000000d5580000,0x00000000d5580000,0x00000000d5780000)
  from space 2560K, 99% used [0x00000000d5c80000,0x00000000d5efb7b8,0x00000000d5f00000)
  to   space 5120K, 0% used [0x00000000d5780000,0x00000000d5780000,0x00000000d5c80000)
 ParOldGen       total 671232K, used 670976K [0x0000000080000000, 0x00000000a8f80000, 0x00000000d5580000)
  object space 671232K, 99% used [0x0000000080000000,0x00000000a8f40008,0x00000000a8f80000)
 Metaspace       used 69221K, committed 70912K, reserved 1114112K
  class space    used 7097K, committed 7872K, reserved 1048576K
}
Event: 183.143 GC heap before
{Heap before GC invocations=648 (full 3):
 PSYoungGen      total 4608K, used 4589K [0x00000000d5580000, 0x00000000d6400000, 0x0000000100000000)
  eden space 2048K, 99% used [0x00000000d5580000,0x00000000d577fff0,0x00000000d5780000)
  from space 2560K, 99% used [0x00000000d5c80000,0x00000000d5efb7b8,0x00000000d5f00000)
  to   space 5120K, 0% used [0x00000000d5780000,0x00000000d5780000,0x00000000d5c80000)
 ParOldGen       total 671232K, used 670976K [0x0000000080000000, 0x00000000a8f80000, 0x00000000d5580000)
  object space 671232K, 99% used [0x0000000080000000,0x00000000a8f40030,0x00000000a8f80000)
 Metaspace       used 69221K, committed 70912K, reserved 1114112K
  class space    used 7097K, committed 7872K, reserved 1048576K
}
Event: 183.146 GC heap after
{Heap after GC invocations=648 (full 3):
 PSYoungGen      total 2560K, used 255K [0x00000000d5580000, 0x00000000d5e00000, 0x0000000100000000)
  eden space 2048K, 0% used [0x00000000d5580000,0x00000000d5580000,0x00000000d5780000)
  from space 512K, 49% used [0x00000000d5780000,0x00000000d57bfdb8,0x00000000d5800000)
  to   space 2048K, 0% used [0x00000000d5c00000,0x00000000d5c00000,0x00000000d5e00000)
 ParOldGen       total 672768K, used 672587K [0x0000000080000000, 0x00000000a9100000, 0x00000000d5580000)
  object space 672768K, 99% used [0x0000000080000000,0x00000000a90d2f78,0x00000000a9100000)
 Metaspace       used 69221K, committed 70912K, reserved 1114112K
  class space    used 7097K, committed 7872K, reserved 1048576K
}
Event: 183.151 GC heap before
{Heap before GC invocations=649 (full 3):
 PSYoungGen      total 2560K, used 2303K [0x00000000d5580000, 0x00000000d5e00000, 0x0000000100000000)
  eden space 2048K, 100% used [0x00000000d5580000,0x00000000d5780000,0x00000000d5780000)
  from space 512K, 49% used [0x00000000d5780000,0x00000000d57bfdb8,0x00000000d5800000)
  to   space 2048K, 0% used [0x00000000d5c00000,0x00000000d5c00000,0x00000000d5e00000)
 ParOldGen       total 672768K, used 672591K [0x0000000080000000, 0x00000000a9100000, 0x00000000d5580000)
  object space 672768K, 99% used [0x0000000080000000,0x00000000a90d3e78,0x00000000a9100000)
 Metaspace       used 69221K, committed 70912K, reserved 1114112K
  class space    used 7097K, committed 7872K, reserved 1048576K
}
Event: 183.155 GC heap after
{Heap after GC invocations=649 (full 3):
 PSYoungGen      total 4608K, used 1764K [0x00000000d5580000, 0x00000000d5e00000, 0x0000000100000000)
  eden space 2560K, 0% used [0x00000000d5580000,0x00000000d5580000,0x00000000d5800000)
  from space 2048K, 86% used [0x00000000d5c00000,0x00000000d5db9168,0x00000000d5e00000)
  to   space 2560K, 0% used [0x00000000d5900000,0x00000000d5900000,0x00000000d5b80000)
 ParOldGen       total 672768K, used 672639K [0x0000000080000000, 0x00000000a9100000, 0x00000000d5580000)
  object space 672768K, 99% used [0x0000000080000000,0x00000000a90dfe78,0x00000000a9100000)
 Metaspace       used 69221K, committed 70912K, reserved 1114112K
  class space    used 7097K, committed 7872K, reserved 1048576K
}
Event: 183.164 GC heap before
{Heap before GC invocations=650 (full 3):
 PSYoungGen      total 4608K, used 4324K [0x00000000d5580000, 0x00000000d5e00000, 0x0000000100000000)
  eden space 2560K, 100% used [0x00000000d5580000,0x00000000d5800000,0x00000000d5800000)
  from space 2048K, 86% used [0x00000000d5c00000,0x00000000d5db9168,0x00000000d5e00000)
  to   space 2560K, 0% used [0x00000000d5900000,0x00000000d5900000,0x00000000d5b80000)
 ParOldGen       total 672768K, used 672639K [0x0000000080000000, 0x00000000a9100000, 0x00000000d5580000)
  object space 672768K, 99% used [0x0000000080000000,0x00000000a90dfe78,0x00000000a9100000)
 Metaspace       used 69228K, committed 70912K, reserved 1114112K
  class space    used 7098K, committed 7872K, reserved 1048576K
}
Event: 183.170 GC heap after
{Heap after GC invocations=650 (full 3):
 PSYoungGen      total 4608K, used 1531K [0x00000000d5580000, 0x00000000d5c80000, 0x0000000100000000)
  eden space 3072K, 0% used [0x00000000d5580000,0x00000000d5580000,0x00000000d5880000)
  from space 1536K, 99% used [0x00000000d5900000,0x00000000d5a7edc8,0x00000000d5a80000)
  to   space 2048K, 0% used [0x00000000d5a80000,0x00000000d5a80000,0x00000000d5c80000)
 ParOldGen       total 674304K, used 674224K [0x0000000080000000, 0x00000000a9280000, 0x00000000d5580000)
  object space 674304K, 99% used [0x0000000080000000,0x00000000a926c1c0,0x00000000a9280000)
 Metaspace       used 69228K, committed 70912K, reserved 1114112K
  class space    used 7098K, committed 7872K, reserved 1048576K
}
Event: 183.179 GC heap before
{Heap before GC invocations=651 (full 3):
 PSYoungGen      total 4608K, used 4603K [0x00000000d5580000, 0x00000000d5c80000, 0x0000000100000000)
  eden space 3072K, 100% used [0x00000000d5580000,0x00000000d5880000,0x00000000d5880000)
  from space 1536K, 99% used [0x00000000d5900000,0x00000000d5a7edc8,0x00000000d5a80000)
  to   space 2048K, 0% used [0x00000000d5a80000,0x00000000d5a80000,0x00000000d5c80000)
 ParOldGen       total 674304K, used 674224K [0x0000000080000000, 0x00000000a9280000, 0x00000000d5580000)
  object space 674304K, 99% used [0x0000000080000000,0x00000000a926c1c0,0x00000000a9280000)
 Metaspace       used 69232K, committed 70912K, reserved 1114112K
  class space    used 7099K, committed 7872K, reserved 1048576K
}
Event: 183.184 GC heap after
{Heap after GC invocations=651 (full 3):
 PSYoungGen      total 5120K, used 1854K [0x00000000d5580000, 0x00000000d5d80000, 0x0000000100000000)
  eden space 3072K, 0% used [0x00000000d5580000,0x00000000d5580000,0x00000000d5880000)
  from space 2048K, 90% used [0x00000000d5a80000,0x00000000d5c4f948,0x00000000d5c80000)
  to   space 2048K, 0% used [0x00000000d5880000,0x00000000d5880000,0x00000000d5a80000)
 ParOldGen       total 675840K, used 675648K [0x0000000080000000, 0x00000000a9400000, 0x00000000d5580000)
  object space 675840K, 99% used [0x0000000080000000,0x00000000a93d01e8,0x00000000a9400000)
 Metaspace       used 69232K, committed 70912K, reserved 1114112K
  class space    used 7099K, committed 7872K, reserved 1048576K
}
Event: 183.192 GC heap before
{Heap before GC invocations=652 (full 3):
 PSYoungGen      total 5120K, used 4926K [0x00000000d5580000, 0x00000000d5d80000, 0x0000000100000000)
  eden space 3072K, 100% used [0x00000000d5580000,0x00000000d5880000,0x00000000d5880000)
  from space 2048K, 90% used [0x00000000d5a80000,0x00000000d5c4f948,0x00000000d5c80000)
  to   space 2048K, 0% used [0x00000000d5880000,0x00000000d5880000,0x00000000d5a80000)
 ParOldGen       total 675840K, used 675648K [0x0000000080000000, 0x00000000a9400000, 0x00000000d5580000)
  object space 675840K, 99% used [0x0000000080000000,0x00000000a93d01e8,0x00000000a9400000)
 Metaspace       used 69232K, committed 70912K, reserved 1114112K
  class space    used 7099K, committed 7872K, reserved 1048576K
}
Event: 183.197 GC heap after
{Heap after GC invocations=652 (full 3):
 PSYoungGen      total 5120K, used 1560K [0x00000000d5580000, 0x00000000d5d80000, 0x0000000100000000)
  eden space 3072K, 0% used [0x00000000d5580000,0x00000000d5580000,0x00000000d5880000)
  from space 2048K, 76% used [0x00000000d5880000,0x00000000d5a06328,0x00000000d5a80000)
  to   space 2048K, 0% used [0x00000000d5b80000,0x00000000d5b80000,0x00000000d5d80000)
 ParOldGen       total 677888K, used 677390K [0x0000000080000000, 0x00000000a9600000, 0x00000000d5580000)
  object space 677888K, 99% used [0x0000000080000000,0x00000000a95838c8,0x00000000a9600000)
 Metaspace       used 69232K, committed 70912K, reserved 1114112K
  class space    used 7099K, committed 7872K, reserved 1048576K
}
Event: 183.208 GC heap before
{Heap before GC invocations=653 (full 3):
 PSYoungGen      total 5120K, used 4632K [0x00000000d5580000, 0x00000000d5d80000, 0x0000000100000000)
  eden space 3072K, 100% used [0x00000000d5580000,0x00000000d5880000,0x00000000d5880000)
  from space 2048K, 76% used [0x00000000d5880000,0x00000000d5a06328,0x00000000d5a80000)
  to   space 2048K, 0% used [0x00000000d5b80000,0x00000000d5b80000,0x00000000d5d80000)
 ParOldGen       total 677888K, used 677390K [0x0000000080000000, 0x00000000a9600000, 0x00000000d5580000)
  object space 677888K, 99% used [0x0000000080000000,0x00000000a95838c8,0x00000000a9600000)
 Metaspace       used 69232K, committed 70912K, reserved 1114112K
  class space    used 7099K, committed 7872K, reserved 1048576K
}
Event: 183.213 GC heap after
{Heap after GC invocations=653 (full 3):
 PSYoungGen      total 6144K, used 1615K [0x00000000d5580000, 0x00000000d5d80000, 0x0000000100000000)
  eden space 4096K, 0% used [0x00000000d5580000,0x00000000d5580000,0x00000000d5980000)
  from space 2048K, 78% used [0x00000000d5b80000,0x00000000d5d13f28,0x00000000d5d80000)
  to   space 2048K, 0% used [0x00000000d5980000,0x00000000d5980000,0x00000000d5b80000)
 ParOldGen       total 678912K, used 678859K [0x0000000080000000, 0x00000000a9700000, 0x00000000d5580000)
  object space 678912K, 99% used [0x0000000080000000,0x00000000a96f2c08,0x00000000a9700000)
 Metaspace       used 69232K, committed 70912K, reserved 1114112K
  class space    used 7099K, committed 7872K, reserved 1048576K
}
Event: 183.228 GC heap before
{Heap before GC invocations=654 (full 3):
 PSYoungGen      total 6144K, used 5711K [0x00000000d5580000, 0x00000000d5d80000, 0x0000000100000000)
  eden space 4096K, 100% used [0x00000000d5580000,0x00000000d5980000,0x00000000d5980000)
  from space 2048K, 78% used [0x00000000d5b80000,0x00000000d5d13f28,0x00000000d5d80000)
  to   space 2048K, 0% used [0x00000000d5980000,0x00000000d5980000,0x00000000d5b80000)
 ParOldGen       total 678912K, used 678859K [0x0000000080000000, 0x00000000a9700000, 0x00000000d5580000)
  object space 678912K, 99% used [0x0000000080000000,0x00000000a96f2c08,0x00000000a9700000)
 Metaspace       used 69245K, committed 70912K, reserved 1114112K
  class space    used 7099K, committed 7872K, reserved 1048576K
}
Event: 183.236 GC heap after
{Heap after GC invocations=654 (full 3):
 PSYoungGen      total 6144K, used 2025K [0x00000000d5580000, 0x00000000d6380000, 0x0000000100000000)
  eden space 4096K, 0% used [0x00000000d5580000,0x00000000d5580000,0x00000000d5980000)
  from space 2048K, 98% used [0x00000000d5980000,0x00000000d5b7a668,0x00000000d5b80000)
  to   space 4608K, 0% used [0x00000000d5f00000,0x00000000d5f00000,0x00000000d6380000)
 ParOldGen       total 680960K, used 680594K [0x0000000080000000, 0x00000000a9900000, 0x00000000d5580000)
  object space 680960K, 99% used [0x0000000080000000,0x00000000a98a4b30,0x00000000a9900000)
 Metaspace       used 69245K, committed 70912K, reserved 1114112K
  class space    used 7099K, committed 7872K, reserved 1048576K
}
Event: 183.266 GC heap before
{Heap before GC invocations=655 (full 3):
 PSYoungGen      total 6144K, used 6121K [0x00000000d5580000, 0x00000000d6380000, 0x0000000100000000)
  eden space 4096K, 100% used [0x00000000d5580000,0x00000000d5980000,0x00000000d5980000)
  from space 2048K, 98% used [0x00000000d5980000,0x00000000d5b7a668,0x00000000d5b80000)
  to   space 4608K, 0% used [0x00000000d5f00000,0x00000000d5f00000,0x00000000d6380000)
 ParOldGen       total 680960K, used 680594K [0x0000000080000000, 0x00000000a9900000, 0x00000000d5580000)
  object space 680960K, 99% used [0x0000000080000000,0x00000000a98a4b30,0x00000000a9900000)
 Metaspace       used 69252K, committed 70976K, reserved 1114112K
  class space    used 7099K, committed 7872K, reserved 1048576K
}
Event: 183.273 GC heap after
{Heap after GC invocations=655 (full 3):
 PSYoungGen      total 8192K, used 2952K [0x00000000d5580000, 0x00000000d6200000, 0x0000000100000000)
  eden space 5120K, 0% used [0x00000000d5580000,0x00000000d5580000,0x00000000d5a80000)
  from space 3072K, 96% used [0x00000000d5f00000,0x00000000d61e21a0,0x00000000d6200000)
  to   space 3584K, 0% used [0x00000000d5b00000,0x00000000d5b00000,0x00000000d5e80000)
 ParOldGen       total 683008K, used 682637K [0x0000000080000000, 0x00000000a9b00000, 0x00000000d5580000)
  object space 683008K, 99% used [0x0000000080000000,0x00000000a9aa35f8,0x00000000a9b00000)
 Metaspace       used 69252K, committed 70976K, reserved 1114112K
  class space    used 7099K, committed 7872K, reserved 1048576K
}
Event: 183.305 GC heap before
{Heap before GC invocations=656 (full 3):
 PSYoungGen      total 8192K, used 7979K [0x00000000d5580000, 0x00000000d6200000, 0x0000000100000000)
  eden space 5120K, 98% used [0x00000000d5580000,0x00000000d5a68d28,0x00000000d5a80000)
  from space 3072K, 96% used [0x00000000d5f00000,0x00000000d61e21a0,0x00000000d6200000)
  to   space 3584K, 0% used [0x00000000d5b00000,0x00000000d5b00000,0x00000000d5e80000)
 ParOldGen       total 683008K, used 682741K [0x0000000080000000, 0x00000000a9b00000, 0x00000000d5580000)
  object space 683008K, 99% used [0x0000000080000000,0x00000000a9abd590,0x00000000a9b00000)
 Metaspace       used 69347K, committed 71040K, reserved 1114112K
  class space    used 7105K, committed 7872K, reserved 1048576K
}

